[debug] [2023-07-30T15:52:25.748Z] ----------------------------------------------------------------------
[debug] [2023-07-30T15:52:25.754Z] Command:       C:\Program Files\nodejs\node.exe C:\Users\Welcome\AppData\Roaming\npm\node_modules\firebase-tools\lib\bin\firebase.js init
[debug] [2023-07-30T15:52:25.755Z] CLI Version:   12.4.6
[debug] [2023-07-30T15:52:25.756Z] Platform:      win32
[debug] [2023-07-30T15:52:25.756Z] Node Version:  v20.1.0
[debug] [2023-07-30T15:52:25.757Z] Time:          Sun Jul 30 2023 21:22:25 GMT+0530 (India Standard Time)
[debug] [2023-07-30T15:52:25.757Z] ----------------------------------------------------------------------
[debug] 
[debug] [2023-07-30T15:52:25.774Z] > command requires scopes: ["email","openid","https://www.googleapis.com/auth/cloudplatformprojects.readonly","https://www.googleapis.com/auth/firebase","https://www.googleapis.com/auth/cloud-platform"]
[debug] [2023-07-30T15:52:25.774Z] > authorizing via signed-in user (editorshashank429@gmail.com)
[info] 
     ######## #### ########  ######## ########     ###     ######  ########
     ##        ##  ##     ## ##       ##     ##  ##   ##  ##       ##
     ######    ##  ########  ######   ########  #########  ######  ######
     ##        ##  ##    ##  ##       ##     ## ##     ##       ## ##
     ##       #### ##     ## ######## ########  ##     ##  ######  ########

You're about to initialize a Firebase project in this directory:

  E:\React js\icloud-notebook

[info] 
=== Project Setup
[info] 
[info] First, let's associate this project directory with a Firebase project.
[info] You can create multiple project aliases by running firebase use --add, 
[info] but for now we'll just set up a default project.
[info] 
[debug] [2023-07-30T15:53:19.386Z] >>> [apiv2][query] GET https://firebase.googleapis.com/v1beta1/projects pageSize=100
[debug] [2023-07-30T15:53:23.567Z] <<< [apiv2][status] GET https://firebase.googleapis.com/v1beta1/projects 200
[debug] [2023-07-30T15:53:23.568Z] <<< [apiv2][body] GET https://firebase.googleapis.com/v1beta1/projects [omitted]
[info] i  Using project inotebook-ee68b (INotebook) 
[info] 
=== Hosting Setup
[info] 
[info] Your public directory is the folder (relative to your project directory) that
[info] will contain Hosting assets to be uploaded with firebase deploy. If you
[info] have a build process for your assets, use your build's output directory.
[info] 
[info] +  Wrote icloud-notebook/404.html 
[debug] [2023-07-30T15:54:25.358Z] >>> [apiv2][query] GET https://www.gstatic.com/firebasejs/releases.json [none]
[debug] [2023-07-30T15:54:26.232Z] <<< [apiv2][status] GET https://www.gstatic.com/firebasejs/releases.json 200
[debug] [2023-07-30T15:54:26.232Z] <<< [apiv2][body] GET https://www.gstatic.com/firebasejs/releases.json {"current":{"version":"10.1.0","browserURL":"https://www.gstatic.com/firebasejs/10.1.0/firebase.js","packageURL":"https://www.gstatic.com/firebasejs/10.1.0/firebase.tgz"},"live":{"version":"10.1","browserURL":"https://www.gstatic.com/firebasejs/live/10.1/firebase.js","packageURL":"https://www.gstatic.com/firebasejs/live/10.1/firebase.tgz"},"components":{"analytics":"https://www.gstatic.com/firebasejs/10.1.0/firebase-analytics.js","app":"https://www.gstatic.com/firebasejs/10.1.0/firebase-app.js","app-check":"https://www.gstatic.com/firebasejs/10.1.0/firebase-app-check.js","auth":"https://www.gstatic.com/firebasejs/10.1.0/firebase-auth.js","auth/cordova":"https://www.gstatic.com/firebasejs/10.1.0/firebase-auth/cordova.js","functions":"https://www.gstatic.com/firebasejs/10.1.0/firebase-functions.js","firestore":"https://www.gstatic.com/firebasejs/10.1.0/firebase-firestore.js","firestore/lite":"https://www.gstatic.com/firebasejs/10.1.0/firebase-firestore/lite.js","installations":"https://www.gstatic.com/firebasejs/10.1.0/firebase-installations.js","storage":"https://www.gstatic.com/firebasejs/10.1.0/firebase-storage.js","performance":"https://www.gstatic.com/firebasejs/10.1.0/firebase-performance.js","remote-config":"https://www.gstatic.com/firebasejs/10.1.0/firebase-remote-config.js","messaging":"https://www.gstatic.com/firebasejs/10.1.0/firebase-messaging.js","messaging/sw":"https://www.gstatic.com/firebasejs/10.1.0/firebase-messaging/sw.js","database":"https://www.gstatic.com/firebasejs/10.1.0/firebase-database.js","firestore.memory":"https://www.gstatic.com/firebasejs/10.1.0/firebase-firestore.memory.js"}}
[info] +  Wrote icloud-notebook/index.html 
[info] 
[info] i  Detected a .git folder at E:\React js\icloud-notebook 
[info] i  Authorizing with GitHub to upload your service account to a GitHub repository's secrets store. 
[info] 
[info] Visit this URL on this device to log in:
[info] https://github.com/login/oauth/authorize?client_id=89cf50f02ac6aaed3484&state=778258404&redirect_uri=http%3A%2F%2Flocalhost%3A9005&scope=read%3Auser%20repo%20public_repo
[info] 
[info] Waiting for authentication...
[debug] [2023-07-30T15:54:29.285Z] >>> [apiv2][query] POST https://github.com/login/oauth/access_token [none]
[debug] [2023-07-30T15:54:29.285Z] >>> [apiv2][body] POST https://github.com/login/oauth/access_token [stream]
[debug] [2023-07-30T15:54:30.032Z] <<< [apiv2][status] POST https://github.com/login/oauth/access_token 200
[debug] [2023-07-30T15:54:30.032Z] <<< [apiv2][body] POST https://github.com/login/oauth/access_token {"access_token":"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","token_type":"bearer","scope":"read:user,repo"}
[debug] [2023-07-30T15:54:30.096Z] >>> [apiv2][query] GET https://api.github.com/user [none]
[debug] [2023-07-30T15:54:30.833Z] <<< [apiv2][status] GET https://api.github.com/user 200
[debug] [2023-07-30T15:54:30.834Z] <<< [apiv2][body] GET https://api.github.com/user {"login":"DevShashankSharma","id":119869630,"node_id":"U_kgDOByUQvg","avatar_url":"https://avatars.githubusercontent.com/u/119869630?v=4","gravatar_id":"","url":"https://api.github.com/users/DevShashankSharma","html_url":"https://github.com/DevShashankSharma","followers_url":"https://api.github.com/users/DevShashankSharma/followers","following_url":"https://api.github.com/users/DevShashankSharma/following{/other_user}","gists_url":"https://api.github.com/users/DevShashankSharma/gists{/gist_id}","starred_url":"https://api.github.com/users/DevShashankSharma/starred{/owner}{/repo}","subscriptions_url":"https://api.github.com/users/DevShashankSharma/subscriptions","organizations_url":"https://api.github.com/users/DevShashankSharma/orgs","repos_url":"https://api.github.com/users/DevShashankSharma/repos","events_url":"https://api.github.com/users/DevShashankSharma/events{/privacy}","received_events_url":"https://api.github.com/users/DevShashankSharma/received_events","type":"User","site_admin":false,"name":"Shashank Sharma","company":null,"blog":"","location":null,"email":null,"hireable":null,"bio":null,"twitter_username":null,"public_repos":4,"public_gists":0,"followers":0,"following":0,"created_at":"2022-12-05T13:59:47Z","updated_at":"2023-07-15T09:33:01Z","private_gists":0,"total_private_repos":2,"owned_private_repos":2,"disk_usage":1222,"collaborators":0,"two_factor_authentication":false,"plan":{"name":"free","space":976562499,"collaborators":0,"private_repos":10000}}
[info] 
[info] +  Success! Logged into GitHub as DevShashankSharma 
[info] 
